
Showing logs for build [32mcb-kubecd-bdd-gh-1584038555-pr-bbpb6-1[0m stage [32mfrom-build-pack[0m and container [32mstep-credential-initializer-9cmxz[0m
{"level":"warn","ts":1584040525.8674872,"logger":"fallback-logger","caller":"logging/config.go:69","msg":"Fetch GitHub commit ID from kodata failed: \"ref: refs/heads/0.8.0-**-support-backwards-incompats\" is not a valid GitHub commit ID"}
{"level":"info","ts":1584040525.8681054,"logger":"fallback-logger","caller":"creds-init/main.go:40","msg":"Credentials initialized."}

Showing logs for build [32mcb-kubecd-bdd-gh-1584038555-pr-bbpb6-1[0m stage [32mfrom-build-pack[0m and container [32mstep-working-dir-initializer-tbl6x[0m
{"level":"warn","ts":1584040527.1696703,"logger":"fallback-logger","caller":"logging/config.go:69","msg":"Fetch GitHub commit ID from kodata failed: open /var/run/ko/HEAD: no such file or directory"}
{"level":"info","ts":1584040527.176,"logger":"fallback-logger","caller":"bash/main.go:64","msg":"Successfully executed command \"sh -c mkdir -p /workspace/source\"; output "}

Showing logs for build [32mcb-kubecd-bdd-gh-1584038555-pr-bbpb6-1[0m stage [32mfrom-build-pack[0m and container [32mstep-place-tools[0m

Showing logs for build [32mcb-kubecd-bdd-gh-1584038555-pr-bbpb6-1[0m stage [32mfrom-build-pack[0m and container [32mstep-git-source-cb-kubecd-bdd-gh-1584038555-pr-bbpb6-kz5m8[0m
{"level":"warn","ts":1584040558.2468042,"logger":"fallback-logger","caller":"logging/config.go:69","msg":"Fetch GitHub commit ID from kodata failed: \"ref: refs/heads/0.8.0-**-support-backwards-incompats\" is not a valid GitHub commit ID"}
{"level":"info","ts":1584040559.298719,"logger":"fallback-logger","caller":"git/git.go:103","msg":"Successfully cloned https://github.com/cb-kubecd/bdd-gh-1584038555.git @ master in path /workspace/source"}

Showing logs for build [32mcb-kubecd-bdd-gh-1584038555-pr-bbpb6-1[0m stage [32mfrom-build-pack[0m and container [32mstep-git-merge[0m
Using SHAs from PULL_REFS=master:2c45bbaa4eb5ccb6bf9f49fcb6940a715394be20,1:ef538ba1295baf99a2c5d1acab27d86c73746ff8
DEBUG: LC_ALL=C JX_LOG_LEVEL=error git fetch origin --unshallow ef538ba1295baf99a2c5d1acab27d86c73746ff8: 2c45bbaa4eb5ccb6bf9f49fcb6940a715394be20:
DEBUG: ran git fetch --unshallow origin ef538ba1295baf99a2c5d1acab27d86c73746ff8: 2c45bbaa4eb5ccb6bf9f49fcb6940a715394be20: in 
DEBUG: LC_ALL=C JX_LOG_LEVEL=error git branch
DEBUG: LC_ALL=C JX_LOG_LEVEL=error git checkout master
DEBUG: ran git checkout master in 
DEBUG: JX_LOG_LEVEL=error LC_ALL=C git reset --hard 2c45bbaa4eb5ccb6bf9f49fcb6940a715394be20
DEBUG: ran git reset --hard 2c45bbaa4eb5ccb6bf9f49fcb6940a715394be20 in 
DEBUG: LC_ALL=C JX_LOG_LEVEL=error git clean -fd .
DEBUG: ran clean --force -d . in 
DEBUG: LC_ALL=C JX_LOG_LEVEL=error git merge ef538ba1295baf99a2c5d1acab27d86c73746ff8
DEBUG: ran git merge ef538ba1295baf99a2c5d1acab27d86c73746ff8 in 
DEBUG: LC_ALL=C JX_LOG_LEVEL=error git log --format=%H%x1f%an%x1f%ae%x1f%cn%x1f%ce%x1f%s%n%b%x1e 2c45bbaa4eb5ccb6bf9f49fcb6940a715394be20..HEAD
Merged SHA ef538ba1295baf99a2c5d1acab27d86c73746ff8 with commit message 'My first PR commit' into base branch master

Showing logs for build [32mcb-kubecd-bdd-gh-1584038555-pr-bbpb6-1[0m stage [32mfrom-build-pack[0m and container [32mstep-build-make-linux[0m
CGO_ENABLED=0 GOOS=linux GOARCH=amd64 GO15VENDOREXPERIMENT=1 go build -ldflags '' -o bin/bdd-gh-1584038555 main.go

Showing logs for build [32mcb-kubecd-bdd-gh-1584038555-pr-bbpb6-1[0m stage [32mfrom-build-pack[0m and container [32mstep-build-container-build[0m
[36mINFO[0m[0000] No base image, nothing to extract            
[36mINFO[0m[0000] cmd: EXPOSE                                  
[36mINFO[0m[0000] Adding exposed port: 8080/tcp                
[36mINFO[0m[0000] Using files from context: [/workspace/source/bin] 
[36mINFO[0m[0000] Skipping unpacking as no commands require it. 
[36mINFO[0m[0000] Taking snapshot of full filesystem...        
[36mINFO[0m[0000] EXPOSE 8080                                  
[36mINFO[0m[0000] cmd: EXPOSE                                  
[36mINFO[0m[0000] Adding exposed port: 8080/tcp                
[36mINFO[0m[0000] No files changed in this command, skipping snapshotting. 
[36mINFO[0m[0000] ENTRYPOINT ["/bdd-gh-1584038555"]            
[36mINFO[0m[0000] No files changed in this command, skipping snapshotting. 
[36mINFO[0m[0000] Using files from context: [/workspace/source/bin] 
[36mINFO[0m[0000] COPY ./bin/ /                                
[36mINFO[0m[0000] Taking snapshot of files...                  
2020/03/12 19:16:15 pushed blob: sha256:c55669a6758f15083b5378134512decee9f915d198773a05675b962f209fe75c
2020/03/12 19:16:16 pushed blob: sha256:4a116b662eef5b430c0097c7b9740a23df438d01002e8c51de93b9d2b9d653f5
2020/03/12 19:16:17 gcr.io/jenkins-x-bdd3/bdd-gh-1584038555:0.0.0-SNAPSHOT-PR-1-1: digest: sha256:0e22031a73ea4c28d300b3616c526fd18e9fd95f3a61be7c3081688f030add41 size: 428

Showing logs for build [32mcb-kubecd-bdd-gh-1584038555-pr-bbpb6-1[0m stage [32mfrom-build-pack[0m and container [32mstep-postbuild-post-build[0m
no CVE provider running in the current ** namespace so skip adding image to be analysed

Showing logs for build [32mcb-kubecd-bdd-gh-1584038555-pr-bbpb6-1[0m stage [32mfrom-build-pack[0m and container [32mstep-promote-make-preview[0m
sed -i -e "s/version:.*/version: 0.0.0-SNAPSHOT-PR-1-1/" Chart.yaml
sed -i -e "s/version:.*/version: 0.0.0-SNAPSHOT-PR-1-1/" ../*/Chart.yaml
sed -i -e "s|repository:.*|repository: gcr.io\/jenkins-x-bdd3\/bdd-gh-1584038555|" values.yaml
sed -i -e "s/tag:.*/tag: 0.0.0-SNAPSHOT-PR-1-1/" values.yaml
echo "  version: 0.0.0-SNAPSHOT-PR-1-1" >> requirements.yaml
** step helm build
WARNING: No $CHART_REPOSITORY defined so using the default value of: http://jenkins-x-chartmuseum:8080
Adding missing Helm repo: storage.googleapis.com https://storage.googleapis.com/chartmuseum.jenkins-x.io
WARNING: No secrets found on "helm/repos" due: reading the secret "helm/repos" from vault: no secret "helm/repos" not found in vault
Read credentials for https://storage.googleapis.com/chartmuseum.jenkins-x.io from vault helm/repos
Successfully added Helm repository storage.googleapis.com.
Adding missing Helm repo: jenkins-x-chartmuseum http://jenkins-x-chartmuseum:8080
WARNING: No secrets found on "helm/repos" due: reading the secret "helm/repos" from vault: no secret "helm/repos" not found in vault
Read credentials for http://jenkins-x-chartmuseum:8080 from vault helm/repos
Successfully added Helm repository jenkins-x-chartmuseum.
WARNING: No $CHART_REPOSITORY defined so using the default value of: http://jenkins-x-chartmuseum:8080
Adding missing Helm repo: chartmuseum.jenkins-x.io http://chartmuseum.jenkins-x.io
WARNING: No secrets found on "helm/repos" due: reading the secret "helm/repos" from vault: no secret "helm/repos" not found in vault
Read credentials for http://chartmuseum.jenkins-x.io from vault helm/repos
Successfully added Helm repository chartmuseum.jenkins-x.io.

Showing logs for build [32mcb-kubecd-bdd-gh-1584038555-pr-bbpb6-1[0m stage [32mfrom-build-pack[0m and container [32mstep-promote-jx-preview[0m
Creating a preview
Created environment cb-kubecd-bdd-gh-1584038555-pr-1
Namespace **-cb-kubecd-bdd-gh-1584038555-pr-1 created 
expose:
  Annotations:
    helm.sh/hook: post-install,post-upgrade
    helm.sh/hook-delete-policy: hook-succeeded
  config:
    domain: 35.205.37.50.nip.io
    exposer: Ingress
    http: "true"
preview:
  image:
    repository: gcr.io/jenkins-x-bdd3/bdd-gh-1584038555
    tag: 0.0.0-SNAPSHOT-PR-1-1

Updating PipelineActivities cb-kubecd-bdd-gh-1584038555-pr-1-1 which has status Running
Preview application is now available at: http://bdd-gh-1584038555.**-cb-kubecd-bdd-gh-1584038555-pr-1.35.205.37.50.nip.io
